<?xml version="1.0" encoding="UTF-8"?>
<!-- Generated by org.testng.reporters.JUnitReportReporter -->
<testsuite hostname="Gaurav-MacBook-Air.local" name="testcases.HomepageTest" tests="4" failures="0" timestamp="7 Feb 2018 05:31:40 GMT" time="18.784" errors="0">
  <testcase name="verifyCurrentURL" time="3.342" classname="testcases.HomepageTest"/>
  <testcase name="verifyPageTitle" time="3.666" classname="testcases.HomepageTest"/>
  <testcase name="verifyDatePickerDropdown" time="6.644" classname="testcases.HomepageTest"/>
  <testcase name="verifyInputFormDropdown" time="5.132" classname="testcases.HomepageTest"/>
</testsuite> <!-- testcases.HomepageTest -->
