<?xml version="1.0" encoding="UTF-8"?>
<!-- Generated by org.testng.reporters.JUnitReportReporter -->
<testsuite hostname="Gaurav-MacBook-Air.local" name="testcases.HomepageTest" tests="4" failures="0" timestamp="11 Nov 2017 08:47:10 GMT" time="50.305" errors="0">
  <testcase name="verifyDatePickerDropdown" time="28.170" classname="testcases.HomepageTest"/>
  <testcase name="verifyInputFormDropdown" time="7.703" classname="testcases.HomepageTest"/>
  <testcase name="verifyPageTitle" time="7.411" classname="testcases.HomepageTest"/>
  <testcase name="verifyCurrentURL" time="7.021" classname="testcases.HomepageTest"/>
</testsuite> <!-- testcases.HomepageTest -->
